(19876, 32, 32, 3)
_netD_D (
  (linear): Linear (128 -> 1)
)
_netD_Q (
  (softmax): LogSoftmax ()
  (linear2): Linear (128 -> 7)
)
17.0200238228 20 102.265342712 2.73947072029
16.3563551903 40 99.0030593872 3.05907583237
16.4453589916 60 96.3402404785 2.33530092239
16.3310050964 80 75.9856109619 1.92877519131
23.1476268768 100 67.6509246826 1.34077298641
32.1830821037 120 60.4166030884 1.39759027958
32.5211880207 140 63.4917793274 1.80251097679
32.3209760189 160 61.506313324 0.977360546589
32.5013852119 180 63.0200767517 1.0194696188
32.4421238899 200 63.2950782776 0.506984114647
[[  1   0 435  72 234   0   0]
 [  0   0 447   0  30   0   0]
 [  0   0  31   1   2   0   0]
 [  3   0 668  30  17   0   0]]
0.49568746829
35.8123788834 220 44.5203170776 0.499095201492
32.5284781456 240 38.457485199 0.421492487192
32.344907999 260 54.2436676025 0.721568405628
32.7248771191 280 41.8831710815 0.397540479898
26.042263031 300 34.9904403687 0.0676805526018
16.4477958679 320 39.8703842163 0.206112667918
16.6868269444 340 43.8102111816 0.6001496315
16.5188319683 360 40.3682632446 0.458210468292
16.5797929764 380 35.5733909607 0.111320212483
16.5792920589 400 15.4573068619 0.00296649942175
[[ 15   0 686   2  29   0  10]
 [  1   0 475   0   1   0   0]
 [  0   0  34   0   0   0   0]
 [ 29   0 689   0   0   0   0]]
0.384069000507
18.2726340294 420 30.5327224731 0.0226044170558
16.6857500076 440 28.5076713562 0.00183305738028
16.5599489212 460 24.3942470551 0.0104646682739
16.5728099346 480 22.9985809326 0.0238728523254
16.5559520721 500 17.8765583038 0.00318174366839
16.8553760052 520 19.9085159302 0.207594394684
16.6195430756 540 16.3926563263 0.737455546856
16.5509159565 560 10.2826185226 0.0113404272124
16.7127101421 580 14.5080833435 1.05882334709
16.6490619183 600 17.4428958893 0.474858224392
[[ 15   0 279  10 188   0 250]
 [  2   0 346   1 118   0  10]
 [  0   0  21   1  11   1   0]
 [ 39   0 530  38 101   0  10]]
0.511922881786
18.5517559052 620 13.4499073029 0.0244835373014
16.616615057 640 17.0888366699 0.963431715965
16.7081239223 660 17.1589794159 0.457405090332
16.8045079708 680 12.6523647308 1.30724310875
16.5919959545 700 12.9762849808 0.295738786459
16.5601820946 720 16.2597351074 0.000956153846346
16.6717779636 740 8.1767244339 0.210084483027
16.5937540531 760 14.1612825394 0.012568664737
16.6449069977 780 14.4706554413 0.000155162808369
16.6252429485 800 11.688158989 0.145710945129
[[ 39 117  61   2  65   0 458]
 [ 30 132 249   0  26   0  40]
 [  2   8  13   1   7   1   2]
 [157 158 225  15  51   0 112]]
0.552511415525
18.5968809128 820 10.2515935898 0.0541866309941
16.6268529892 840 11.7081317902 0.109566643834
16.4589169025 860 13.3662195206 0.00273914332502
16.562142849 880 12.4774990082 0.437027305365
16.6804261208 900 7.64911270142 0.00944948196411
16.6529610157 920 7.58357524872 0.00208892812952
16.6863911152 940 8.37474346161 0.0209829807281
16.986438036 960 9.24277496338 0.0160407535732
16.6173660755 980 8.98407363892 0.0325075164437
16.5414750576 1000 10.9348268509 0.00923147238791
[[ 59 132 102   1  40   0 408]
 [ 22  50 354   0  15   0  36]
 [  2   7  15   0   8   1   1]
 [207 112 272   3  65   0  59]]
0.592085235921
18.5700130463 1020 6.8271446228 0.0351597778499
16.527659893 1040 13.5484466553 0.000288963317871
16.7288827896 1060 12.2950820923 0.000988388084807
16.7123599052 1080 6.73241090775 0.0200679302216
16.5590531826 1100 10.2939891815 0.0178971290588
16.5958440304 1120 9.57235050201 0.000157260888955
16.55093503 1140 9.4758682251 0.426563739777
16.5709719658 1160 6.92898082733 1.29607009888
16.8718791008 1180 5.44866323471 1.31333374977
16.5098540783 1200 9.33412456512 0.0274641513824
[[ 46 271  62   3  29   1 330]
 [ 31 183 233   0   7   0  23]
 [  2  13  13   1   4   1   0]
 [186 247 182  23  36   0  44]]
0.536783358701
18.643862009 1220 7.62415313721 0.0187959671021
16.6343691349 1240 10.0816612244 8.79287690623e-05
16.610658884 1260 10.552901268 0.233721256256
16.828881979 1280 10.6307229996 0.00557661056519
16.7168638706 1300 13.1428003311 0.0727600082755
16.6189861298 1320 6.75260353088 0.531502664089
16.5887238979 1340 12.6943683624 0.00345726008527
16.6045191288 1360 14.2913398743 0.00107145309448
16.5780100822 1380 9.02674198151 0.156443879008
16.6773281097 1400 10.3675460815 0.000679588294588
[[ 10  57 139  11  42   4 479]
 [  1  22 376   1  27   0  50]
 [  0   5  17   1   8   1   2]
 [ 23  64 404  57  41   5 124]]
0.520040588534
18.4025259018 1420 7.33144378662 3.34739670507e-05
16.7399339676 1440 6.80617046356 0.000686645507812
16.5764429569 1460 8.84736251831 0.114790394902
16.628344059 1480 3.3845102787 0.212188526988
16.6701219082 1500 4.0335650444 0.0101382257417
16.6878259182 1520 6.43349552155 0.000615882861894
16.5784380436 1540 12.6352539062 0.0485363975167
16.7828021049 1560 3.39161252975 0.0906141251326
16.4672598839 1580 6.72691345215 0.219939038157
16.2526378632 1600 11.7308015823 0.000494289386552
[[ 27  43 113   1 119   9 430]
 [  2   4 367   0  73   0  31]
 [  1   2  16   0  13   1   1]
 [ 64  66 348   1 144   7  88]]
0.532217148656
18.4282991886 1620 9.98189735413 0.000477027904708
16.5871169567 1640 10.3382730484 0.000272178644082
16.641782999 1660 8.00560188293 0.000123405450722
16.5366330147 1680 11.2908763885 0.0338114276528
16.6014969349 1700 11.2763233185 0.728942036629
16.8089339733 1720 9.46906757355 8.23974623927e-05
16.5197861195 1740 7.90863323212 0.0118189807981
16.5020489693 1760 6.23131227493 0.0294203273952
16.5776789188 1780 6.44375562668 0.062258053571
16.6386539936 1800 6.58261966705 0.469273626804
[[ 58  82  36  13  84  22 447]
 [ 62  23 278   1  76   3  34]
 [  3   4   4   2  11   7   3]
 [270  66  92  58  72  53 107]]
0.587519025875
18.3038921356 1820 8.14030075073 0.181035518646
16.5994920731 1840 4.96050834656 0.0015768527519
16.5539939404 1860 5.24803256989 0.000490474689286
16.5638258457 1880 7.1863822937 9.34600830078e-05
16.7859420776 1900 6.8222990036 0.0512062087655
16.6261739731 1920 6.5256652832 1.50512099266
16.4780349731 1940 8.52450752258 0.00034761428833
16.547524929 1960 4.43989086151 0.00870504416525
16.5371189117 1980 5.76811027527 2.59399421338e-05
16.2734949589 2000 8.58125400543 0.0699384659529
[[ 36 109  18   6  49  10 514]
 [ 19  89 214   0  99   3  53]
 [  2   7   4   0   8   7   6]
 [130 156 111  11  78  50 182]]
0.568239472349
18.569576025 2020 11.6579313278 0.964605152607
16.6555769444 2040 9.4353761673 1.24931339087e-05
16.6605951786 2060 7.38915586472 7.35282883397e-05
16.695294857 2080 8.3565788269 0.000201320654014
16.5206398964 2100 5.70528411865 0.000258636486251
16.4802610874 2120 11.6426229477 0.00145864486694
16.6932370663 2140 7.52163219452 0.000355577474693
16.6733701229 2160 8.7840461731 0.000269412994385
16.6820249557 2180 6.70352172852 7.48634338379e-05
16.6853020191 2200 9.69222545624 0.000595903373323
[[ 37 158  57   4  47  23 416]
 [ 15  49 320   0  50   3  40]
 [  2   8   7   0   9   6   2]
 [126 179 199  11  66  48  89]]
0.556570268899
18.4048790932 2220 8.65402603149 0.000216102605918
16.9080131054 2240 10.0575733185 0.284381955862
16.5599069595 2260 10.709526062 0.000329399103066
16.3784239292 2280 7.50291109085 0.0474739074707
16.7946560383 2300 9.12678146362 0.000112724301289
16.494822979 2320 6.97923994064 0.502121329308
16.6350440979 2340 5.57577943802 0.00672473898157
16.6338088512 2360 5.31630706787 0.00170593266375
16.5257468224 2380 8.14202022552 6.19888305664e-06
16.2647719383 2400 4.64055585861 0.153453394771
[[ 36 220  47   4  86  21 328]
 [ 16  84 307   0  43   3  24]
 [  2   7  10   0  10   4   1]
 [121 194 203   7 104  39  50]]
0.549974632166
18.53657794 2420 10.6306257248 0.000485706317704
16.6570110321 2440 8.80308818817 0.260617494583
16.9291059971 2460 9.24851417542 0.000368595123291
16.585999012 2480 11.8219242096 0.000453472137451
16.6763179302 2500 5.17605209351 0.500773906708
16.5600800514 2520 9.6572303772 8.51631193655e-05
16.7085340023 2540 11.5034408569 0.007271385286
16.7428078651 2560 3.29144239426 0.00668501853943
16.8406682014 2580 9.20819091797 0.000829887401778
16.7780778408 2600 6.71187543869 0.116846993566
[[ 32  74 165   5  42  74 350]
 [  8   5 411   1  22   6  24]
 [  2   1  15   1   7   7   1]
 [105  75 324  20  57  82  55]]
0.522577371892
18.5999639034 2620 11.9457969666 0.00335912709124
16.6094369888 2640 6.27859640121 0.000241756439209
16.4620070457 2660 6.77357149124 0.00173912046012
16.5426330566 2680 4.40370988846 0.578725397587
16.476568222 2700 4.70524597168 2.8133392334e-05
16.6218140125 2720 8.43062019348 0.00078697205754
16.7270989418 2740 2.29540610313 0.170840740204
16.5525779724 2760 4.2719836235 0.227843672037
16.442704916 2780 6.4872636795 0.230566501617
16.3629560471 2800 1.35256612301 7.20977768651e-05
[[ 38 106  24   2  34  77 461]
 [ 21  86 259   0  50  13  48]
 [  2   8   0   0   6  13   5]
 [122 166  81   1  63 141 144]]
0.555555555556
18.7668411732 2820 5.70540046692 1.16348264783e-05
16.7900688648 2840 6.21368455887 4.30107102147e-05
16.7156808376 2860 1.71230816841 0.046505689621
16.6497108936 2880 5.81157302856 0.0155147556216
16.6839110851 2900 6.16900968552 0.000336647033691
16.5615990162 2920 7.95484733582 0.0881709605455
16.4555020332 2940 4.45601654053 0.00736217480153
16.5848040581 2960 6.09534215927 0.000257682811935
16.6849050522 2980 9.92156505585 0.000596427940764
16.5500540733 3000 4.90416288376 0.00804157275707
[[ 14 129  42   4  69  62 422]
 [  5  58 312   0  64   8  30]
 [  0   7   4   1  10  10   2]
 [ 44 194 173   9  74 103 121]]
0.558599695586
