(19876, 32, 32, 3)
_netD_D (
  (linear): Linear (128 -> 1)
)
_netD_Q (
  (softmax): LogSoftmax ()
  (linear2): Linear (128 -> 7)
)
37.7778089046 20 125.839584351 2.54158473015
35.7223610878 40 103.751113892 2.43151330948
35.273679018 60 78.0220489502 1.66871130466
35.522274971 80 65.2704162598 1.95313930511
35.5677709579 100 47.1105728149 3.62143087387
35.607530117 120 53.0433273315 1.7321857214
35.3573899269 140 45.6267318726 3.88559222221
35.6612529755 160 48.3654327393 0.796907782555
35.7731719017 180 64.4984893799 0.601227939129
35.4115841389 200 45.5935897827 3.40925550461
[[  0   0  96  67  24   0 555]
 [  0   0   6   2   5   0 464]
 [  0   0   1   0   1   0  32]
 [  0   0   6   2  68   0 642]]
Traceback (most recent call last):
  File "cell7.py", line 631, in <module>
    cout_auc(coherent_array,7)
  File "/disk1/cell_work/0722/cell_7/clustering_0806.py", line 163, in cout_auc
    h4 = liss[1]
IndexError: list index out of range
